[2023-09-20T23:45:37.174+0000] {taskinstance.py:1157} INFO - Dependencies all met for dep_context=non-requeueable deps ti=<TaskInstance: student_semantic.transform manual__2023-09-20T23:45:31.355573+00:00 [queued]>
[2023-09-20T23:45:37.182+0000] {taskinstance.py:1157} INFO - Dependencies all met for dep_context=requeueable deps ti=<TaskInstance: student_semantic.transform manual__2023-09-20T23:45:31.355573+00:00 [queued]>
[2023-09-20T23:45:37.182+0000] {taskinstance.py:1359} INFO - Starting attempt 1 of 1
[2023-09-20T23:45:37.193+0000] {taskinstance.py:1380} INFO - Executing <Task(PythonOperator): transform> on 2023-09-20 23:45:31.355573+00:00
[2023-09-20T23:45:37.198+0000] {standard_task_runner.py:57} INFO - Started process 875 to run task
[2023-09-20T23:45:37.200+0000] {standard_task_runner.py:84} INFO - Running: ['***', 'tasks', 'run', 'student_semantic', 'transform', 'manual__2023-09-20T23:45:31.355573+00:00', '--job-id', '310', '--raw', '--subdir', 'DAGS_FOLDER/student_semantic.py', '--cfg-path', '/tmp/tmpepghiqkg']
[2023-09-20T23:45:37.202+0000] {standard_task_runner.py:85} INFO - Job 310: Subtask transform
[2023-09-20T23:45:37.237+0000] {task_command.py:415} INFO - Running <TaskInstance: student_semantic.transform manual__2023-09-20T23:45:31.355573+00:00 [running]> on host f143046c8e98
[2023-09-20T23:45:37.421+0000] {taskinstance.py:1660} INFO - Exporting env vars: AIRFLOW_CTX_DAG_OWNER='***' AIRFLOW_CTX_DAG_ID='student_semantic' AIRFLOW_CTX_TASK_ID='transform' AIRFLOW_CTX_EXECUTION_DATE='2023-09-20T23:45:31.355573+00:00' AIRFLOW_CTX_TRY_NUMBER='1' AIRFLOW_CTX_DAG_RUN_ID='manual__2023-09-20T23:45:31.355573+00:00'
[2023-09-20T23:45:37.422+0000] {taskinstance.py:1935} ERROR - Task failed with exception
Traceback (most recent call last):
  File "/home/airflow/.local/lib/python3.8/site-packages/airflow/operators/python.py", line 192, in execute
    return_value = self.execute_callable()
  File "/home/airflow/.local/lib/python3.8/site-packages/airflow/operators/python.py", line 209, in execute_callable
    return self.python_callable(*self.op_args, **self.op_kwargs)
TypeError: transform() missing 1 required positional argument: 'tasks'
[2023-09-20T23:45:37.428+0000] {taskinstance.py:1398} INFO - Marking task as FAILED. dag_id=student_semantic, task_id=transform, execution_date=20230920T234531, start_date=20230920T234537, end_date=20230920T234537
[2023-09-20T23:45:37.438+0000] {standard_task_runner.py:104} ERROR - Failed to execute job 310 for task transform (transform() missing 1 required positional argument: 'tasks'; 875)
[2023-09-20T23:45:37.453+0000] {local_task_job_runner.py:228} INFO - Task exited with return code 1
[2023-09-20T23:45:37.468+0000] {taskinstance.py:2776} INFO - 0 downstream tasks scheduled from follow-on schedule check
