[2023-09-20T19:39:06.998+0000] {taskinstance.py:1157} INFO - Dependencies all met for dep_context=non-requeueable deps ti=<TaskInstance: student_semantic.create_dataframe_student manual__2023-09-20T19:39:05.768191+00:00 [queued]>
[2023-09-20T19:39:07.006+0000] {taskinstance.py:1157} INFO - Dependencies all met for dep_context=requeueable deps ti=<TaskInstance: student_semantic.create_dataframe_student manual__2023-09-20T19:39:05.768191+00:00 [queued]>
[2023-09-20T19:39:07.006+0000] {taskinstance.py:1359} INFO - Starting attempt 1 of 1
[2023-09-20T19:39:07.018+0000] {taskinstance.py:1380} INFO - Executing <Task(PythonOperator): create_dataframe_student> on 2023-09-20 19:39:05.768191+00:00
[2023-09-20T19:39:07.023+0000] {standard_task_runner.py:57} INFO - Started process 627 to run task
[2023-09-20T19:39:07.026+0000] {standard_task_runner.py:84} INFO - Running: ['***', 'tasks', 'run', 'student_semantic', 'create_dataframe_student', 'manual__2023-09-20T19:39:05.768191+00:00', '--job-id', '46', '--raw', '--subdir', 'DAGS_FOLDER/student_semantic.py', '--cfg-path', '/tmp/tmp72xiszu1']
[2023-09-20T19:39:07.028+0000] {standard_task_runner.py:85} INFO - Job 46: Subtask create_dataframe_student
[2023-09-20T19:39:07.072+0000] {task_command.py:415} INFO - Running <TaskInstance: student_semantic.create_dataframe_student manual__2023-09-20T19:39:05.768191+00:00 [running]> on host 6086152831d6
[2023-09-20T19:39:07.560+0000] {taskinstance.py:1660} INFO - Exporting env vars: AIRFLOW_CTX_DAG_OWNER='***' AIRFLOW_CTX_DAG_ID='student_semantic' AIRFLOW_CTX_TASK_ID='create_dataframe_student' AIRFLOW_CTX_EXECUTION_DATE='2023-09-20T19:39:05.768191+00:00' AIRFLOW_CTX_TRY_NUMBER='1' AIRFLOW_CTX_DAG_RUN_ID='manual__2023-09-20T19:39:05.768191+00:00'
[2023-09-20T19:39:07.569+0000] {logging_mixin.py:151} INFO - []
[2023-09-20T19:39:07.571+0000] {taskinstance.py:1935} ERROR - Task failed with exception
Traceback (most recent call last):
  File "/home/airflow/.local/lib/python3.8/site-packages/airflow/operators/python.py", line 192, in execute
    return_value = self.execute_callable()
  File "/home/airflow/.local/lib/python3.8/site-packages/airflow/operators/python.py", line 209, in execute_callable
    return self.python_callable(*self.op_args, **self.op_kwargs)
  File "/opt/airflow/dags/packages/student_semantic/student_semantic.py", line 38, in create_dataframe
    json_data = xcom_pull_obj[0]
  File "/home/airflow/.local/lib/python3.8/site-packages/airflow/models/xcom.py", line 794, in __getitem__
    raise IndexError(key) from None
IndexError: 0
[2023-09-20T19:39:07.574+0000] {taskinstance.py:1398} INFO - Marking task as FAILED. dag_id=student_semantic, task_id=create_dataframe_student, execution_date=20230920T193905, start_date=20230920T193906, end_date=20230920T193907
[2023-09-20T19:39:07.582+0000] {standard_task_runner.py:104} ERROR - Failed to execute job 46 for task create_dataframe_student (0; 627)
[2023-09-20T19:39:07.600+0000] {local_task_job_runner.py:228} INFO - Task exited with return code 1
[2023-09-20T19:39:07.612+0000] {taskinstance.py:2776} INFO - 0 downstream tasks scheduled from follow-on schedule check
